This file contains any messages produced by compilers while
running configure, to aid debugging if configure makes a mistake.

It was created by pixman configure 0.32.6, which was
generated by GNU Autoconf 2.69.  Invocation command line was

  $ /home/prafull/mtp/qemu-2.8.0/pixman/configure --disable-gtk --disable-shared --enable-static

## --------- ##
## Platform. ##
## --------- ##

hostname = Lagger
uname -m = x86_64
uname -r = 4.10.0-28-generic
uname -s = Linux
uname -v = #32~16.04.2-Ubuntu SMP Thu Jul 20 10:19:48 UTC 2017

/usr/bin/uname -p = unknown
/bin/uname -X     = unknown

/bin/arch              = unknown
/usr/bin/arch -k       = unknown
/usr/convex/getsysinfo = unknown
/usr/bin/hostinfo      = unknown
/bin/machine           = unknown
/usr/bin/oslevel       = unknown
/bin/universe          = unknown

PATH: /usr/local/sbin
PATH: /usr/local/bin
PATH: /usr/sbin
PATH: /usr/bin
PATH: /sbin
PATH: /bin
PATH: /snap/bin


## ----------- ##
## Core tests. ##
## ----------- ##

configure:2609: checking for a BSD-compatible install
configure:2677: result: /usr/bin/install -c
configure:2688: checking whether build environment is sane
configure:2743: result: yes
configure:2894: checking for a thread-safe mkdir -p
configure:2933: result: /bin/mkdir -p
configure:2940: checking for gawk
configure:2970: result: no
configure:2940: checking for mawk
configure:2956: found /usr/bin/mawk
configure:2967: result: mawk
configure:2978: checking whether make sets $(MAKE)
configure:3000: result: yes
configure:3029: checking whether make supports nested variables
configure:3046: result: yes
configure:3185: checking whether make supports nested variables
configure:3202: result: yes
configure:3221: checking build system type
configure:3235: result: x86_64-pc-linux-gnu
configure:3255: checking host system type
configure:3268: result: x86_64-pc-linux-gnu
configure:3339: checking for gcc
configure:3355: found /usr/bin/gcc
configure:3366: result: gcc
configure:3595: checking for C compiler version
configure:3604: gcc --version >&5
gcc (Ubuntu 5.4.0-6ubuntu1~16.04.4) 5.4.0 20160609
Copyright (C) 2015 Free Software Foundation, Inc.
This is free software; see the source for copying conditions.  There is NO
warranty; not even for MERCHANTABILITY or FITNESS FOR A PARTICULAR PURPOSE.

configure:3615: $? = 0
configure:3604: gcc -v >&5
Using built-in specs.
COLLECT_GCC=gcc
COLLECT_LTO_WRAPPER=/usr/lib/gcc/x86_64-linux-gnu/5/lto-wrapper
Target: x86_64-linux-gnu
Configured with: ../src/configure -v --with-pkgversion='Ubuntu 5.4.0-6ubuntu1~16.04.4' --with-bugurl=file:///usr/share/doc/gcc-5/README.Bugs --enable-languages=c,ada,c++,java,go,d,fortran,objc,obj-c++ --prefix=/usr --program-suffix=-5 --enable-shared --enable-linker-build-id --libexecdir=/usr/lib --without-included-gettext --enable-threads=posix --libdir=/usr/lib --enable-nls --with-sysroot=/ --enable-clocale=gnu --enable-libstdcxx-debug --enable-libstdcxx-time=yes --with-default-libstdcxx-abi=new --enable-gnu-unique-object --disable-vtable-verify --enable-libmpx --enable-plugin --with-system-zlib --disable-browser-plugin --enable-java-awt=gtk --enable-gtk-cairo --with-java-home=/usr/lib/jvm/java-1.5.0-gcj-5-amd64/jre --enable-java-home --with-jvm-root-dir=/usr/lib/jvm/java-1.5.0-gcj-5-amd64 --with-jvm-jar-dir=/usr/lib/jvm-exports/java-1.5.0-gcj-5-amd64 --with-arch-directory=amd64 --with-ecj-jar=/usr/share/java/eclipse-ecj.jar --enable-objc-gc --enable-multiarch --disable-werror --with-arch-32=i686 --with-abi=m64 --with-multilib-list=m32,m64,mx32 --enable-multilib --with-tune=generic --enable-checking=release --build=x86_64-linux-gnu --host=x86_64-linux-gnu --target=x86_64-linux-gnu
Thread model: posix
gcc version 5.4.0 20160609 (Ubuntu 5.4.0-6ubuntu1~16.04.4) 
configure:3615: $? = 0
configure:3604: gcc -V >&5
gcc: error: unrecognized command line option '-V'
gcc: fatal error: no input files
compilation terminated.
configure:3615: $? = 1
configure:3604: gcc -qversion >&5
gcc: error: unrecognized command line option '-qversion'
gcc: fatal error: no input files
compilation terminated.
configure:3615: $? = 1
configure:3635: checking whether the C compiler works
configure:3657: gcc -g  -fPIC -m64 -mcx16     conftest.c  >&5
configure:3661: $? = 0
configure:3709: result: yes
configure:3712: checking for C compiler default output file name
configure:3714: result: a.out
configure:3720: checking for suffix of executables
configure:3727: gcc -o conftest -g  -fPIC -m64 -mcx16     conftest.c  >&5
configure:3731: $? = 0
configure:3753: result: 
configure:3775: checking whether we are cross compiling
configure:3783: gcc -o conftest -g  -fPIC -m64 -mcx16     conftest.c  >&5
configure:3787: $? = 0
configure:3794: ./conftest
configure:3798: $? = 0
configure:3813: result: no
configure:3818: checking for suffix of object files
configure:3840: gcc -c -g  -fPIC -m64 -mcx16    conftest.c >&5
configure:3844: $? = 0
configure:3865: result: o
configure:3869: checking whether we are using the GNU C compiler
configure:3888: gcc -c -g  -fPIC -m64 -mcx16    conftest.c >&5
configure:3888: $? = 0
configure:3897: result: yes
configure:3906: checking whether gcc accepts -g
configure:3926: gcc -c -g  conftest.c >&5
configure:3926: $? = 0
configure:3967: result: yes
configure:3984: checking for gcc option to accept ISO C89
configure:4047: gcc  -c -g  -fPIC -m64 -mcx16    conftest.c >&5
configure:4047: $? = 0
configure:4060: result: none needed
configure:4085: checking whether gcc understands -c and -o together
configure:4107: gcc -c conftest.c -o conftest2.o
configure:4110: $? = 0
configure:4107: gcc -c conftest.c -o conftest2.o
configure:4110: $? = 0
configure:4122: result: yes
configure:4150: checking for style of include used by make
configure:4178: result: GNU
configure:4204: checking dependency style of gcc
configure:4315: result: gcc3
configure:4339: checking dependency style of gcc
configure:4448: result: gcc3
configure:4509: checking how to print strings
configure:4536: result: printf
configure:4557: checking for a sed that does not truncate output
configure:4621: result: /bin/sed
configure:4639: checking for grep that handles long lines and -e
configure:4697: result: /bin/grep
configure:4702: checking for egrep
configure:4764: result: /bin/grep -E
configure:4769: checking for fgrep
configure:4831: result: /bin/grep -F
configure:4866: checking for ld used by gcc
configure:4933: result: /usr/bin/ld
configure:4940: checking if the linker (/usr/bin/ld) is GNU ld
configure:4955: result: yes
configure:4967: checking for BSD- or MS-compatible name lister (nm)
configure:5021: result: /usr/bin/nm -B
configure:5151: checking the name lister (/usr/bin/nm -B) interface
configure:5158: gcc -c -g  -fPIC -m64 -mcx16    conftest.c >&5
configure:5161: /usr/bin/nm -B "conftest.o"
configure:5164: output
0000000000000000 B some_variable
configure:5171: result: BSD nm
configure:5174: checking whether ln -s works
configure:5178: result: yes
configure:5186: checking the maximum length of command line arguments
configure:5317: result: 1572864
configure:5365: checking how to convert x86_64-pc-linux-gnu file names to x86_64-pc-linux-gnu format
configure:5405: result: func_convert_file_noop
configure:5412: checking how to convert x86_64-pc-linux-gnu file names to toolchain format
configure:5432: result: func_convert_file_noop
configure:5439: checking for /usr/bin/ld option to reload object files
configure:5446: result: -r
configure:5520: checking for objdump
configure:5536: found /usr/bin/objdump
configure:5547: result: objdump
configure:5579: checking how to recognize dependent libraries
configure:5779: result: pass_all
configure:5864: checking for dlltool
configure:5894: result: no
configure:5924: checking how to associate runtime and link libraries
configure:5951: result: printf %s\n
configure:6012: checking for ar
configure:6028: found /usr/bin/ar
configure:6039: result: ar
configure:6076: checking for archiver @FILE support
configure:6093: gcc -c -g  -fPIC -m64 -mcx16    conftest.c >&5
configure:6093: $? = 0
configure:6096: ar cru libconftest.a @conftest.lst >&5
ar: `u' modifier ignored since `D' is the default (see `U')
configure:6099: $? = 0
configure:6104: ar cru libconftest.a @conftest.lst >&5
ar: `u' modifier ignored since `D' is the default (see `U')
ar: conftest.o: No such file or directory
configure:6107: $? = 1
configure:6119: result: @
configure:6177: checking for strip
configure:6193: found /usr/bin/strip
configure:6204: result: strip
configure:6276: checking for ranlib
configure:6292: found /usr/bin/ranlib
configure:6303: result: ranlib
configure:6405: checking command to parse /usr/bin/nm -B output from gcc object
configure:6558: gcc -c -g  -fPIC -m64 -mcx16    conftest.c >&5
configure:6561: $? = 0
configure:6565: /usr/bin/nm -B conftest.o \| sed -n -e 's/^.*[ ]\([ABCDGIRSTW][ABCDGIRSTW]*\)[ ][ ]*\([_A-Za-z][_A-Za-z0-9]*\)$/\1 \2 \2/p' | sed '/ __gnu_lto/d' \> conftest.nm
configure:6568: $? = 0
configure:6634: gcc -o conftest -g  -fPIC -m64 -mcx16     conftest.c conftstm.o >&5
configure:6637: $? = 0
configure:6675: result: ok
configure:6722: checking for sysroot
configure:6752: result: no
configure:6759: checking for a working dd
configure:6797: result: /bin/dd
configure:6801: checking how to truncate binary pipes
configure:6816: result: /bin/dd bs=4096 count=1
configure:6952: gcc -c -g  -fPIC -m64 -mcx16    conftest.c >&5
configure:6955: $? = 0
configure:7145: checking for mt
configure:7161: found /bin/mt
configure:7172: result: mt
configure:7195: checking if mt is a manifest tool
configure:7201: mt '-?'
configure:7209: result: no
configure:7886: checking how to run the C preprocessor
configure:7917: gcc -E  conftest.c
configure:7917: $? = 0
configure:7931: gcc -E  conftest.c
conftest.c:11:28: fatal error: ac_nonexistent.h: No such file or directory
compilation terminated.
configure:7931: $? = 1
configure: failed program was:
| /* confdefs.h */
| #define PACKAGE_NAME "pixman"
| #define PACKAGE_TARNAME "pixman"
| #define PACKAGE_VERSION "0.32.6"
| #define PACKAGE_STRING "pixman 0.32.6"
| #define PACKAGE_BUGREPORT "pixman@lists.freedesktop.org"
| #define PACKAGE_URL ""
| #define PACKAGE "pixman"
| #define VERSION "0.32.6"
| /* end confdefs.h.  */
| #include <ac_nonexistent.h>
configure:7956: result: gcc -E
configure:7976: gcc -E  conftest.c
configure:7976: $? = 0
configure:7990: gcc -E  conftest.c
conftest.c:11:28: fatal error: ac_nonexistent.h: No such file or directory
compilation terminated.
configure:7990: $? = 1
configure: failed program was:
| /* confdefs.h */
| #define PACKAGE_NAME "pixman"
| #define PACKAGE_TARNAME "pixman"
| #define PACKAGE_VERSION "0.32.6"
| #define PACKAGE_STRING "pixman 0.32.6"
| #define PACKAGE_BUGREPORT "pixman@lists.freedesktop.org"
| #define PACKAGE_URL ""
| #define PACKAGE "pixman"
| #define VERSION "0.32.6"
| /* end confdefs.h.  */
| #include <ac_nonexistent.h>
configure:8019: checking for ANSI C header files
configure:8039: gcc -c -g  -fPIC -m64 -mcx16    conftest.c >&5
configure:8039: $? = 0
configure:8112: gcc -o conftest -g  -fPIC -m64 -mcx16     conftest.c  >&5
configure:8112: $? = 0
configure:8112: ./conftest
configure:8112: $? = 0
configure:8123: result: yes
configure:8136: checking for sys/types.h
configure:8136: gcc -c -g  -fPIC -m64 -mcx16    conftest.c >&5
configure:8136: $? = 0
configure:8136: result: yes
configure:8136: checking for sys/stat.h
configure:8136: gcc -c -g  -fPIC -m64 -mcx16    conftest.c >&5
configure:8136: $? = 0
configure:8136: result: yes
configure:8136: checking for stdlib.h
configure:8136: gcc -c -g  -fPIC -m64 -mcx16    conftest.c >&5
configure:8136: $? = 0
configure:8136: result: yes
configure:8136: checking for string.h
configure:8136: gcc -c -g  -fPIC -m64 -mcx16    conftest.c >&5
configure:8136: $? = 0
configure:8136: result: yes
configure:8136: checking for memory.h
configure:8136: gcc -c -g  -fPIC -m64 -mcx16    conftest.c >&5
configure:8136: $? = 0
configure:8136: result: yes
configure:8136: checking for strings.h
configure:8136: gcc -c -g  -fPIC -m64 -mcx16    conftest.c >&5
configure:8136: $? = 0
configure:8136: result: yes
configure:8136: checking for inttypes.h
configure:8136: gcc -c -g  -fPIC -m64 -mcx16    conftest.c >&5
configure:8136: $? = 0
configure:8136: result: yes
configure:8136: checking for stdint.h
configure:8136: gcc -c -g  -fPIC -m64 -mcx16    conftest.c >&5
configure:8136: $? = 0
configure:8136: result: yes
configure:8136: checking for unistd.h
configure:8136: gcc -c -g  -fPIC -m64 -mcx16    conftest.c >&5
configure:8136: $? = 0
configure:8136: result: yes
configure:8150: checking for dlfcn.h
configure:8150: gcc -c -g  -fPIC -m64 -mcx16    conftest.c >&5
configure:8150: $? = 0
configure:8150: result: yes
configure:8406: checking for objdir
configure:8421: result: .libs
configure:8681: checking if gcc supports -fno-rtti -fno-exceptions
configure:8699: gcc -c -g  -fPIC -m64 -mcx16    -fno-rtti -fno-exceptions conftest.c >&5
cc1: warning: command line option '-fno-rtti' is valid for C++/ObjC++ but not for C
configure:8703: $? = 0
configure:8716: result: no
configure:9074: checking for gcc option to produce PIC
configure:9081: result: -fPIC -DPIC
configure:9089: checking if gcc PIC flag -fPIC -DPIC works
configure:9107: gcc -c -g  -fPIC -m64 -mcx16    -fPIC -DPIC -DPIC conftest.c >&5
configure:9111: $? = 0
configure:9124: result: yes
configure:9153: checking if gcc static flag -static works
configure:9181: result: yes
configure:9196: checking if gcc supports -c -o file.o
configure:9217: gcc -c -g  -fPIC -m64 -mcx16    -o out/conftest2.o conftest.c >&5
configure:9221: $? = 0
configure:9243: result: yes
configure:9251: checking if gcc supports -c -o file.o
configure:9298: result: yes
configure:9331: checking whether the gcc linker (/usr/bin/ld -m elf_x86_64) supports shared libraries
configure:10594: result: yes
configure:10834: checking dynamic linker characteristics
configure:11415: gcc -o conftest -g  -fPIC -m64 -mcx16     -Wl,-rpath -Wl,/foo conftest.c  >&5
configure:11415: $? = 0
configure:11664: result: GNU/Linux ld.so
configure:11786: checking how to hardcode library paths into programs
configure:11811: result: immediate
configure:12359: checking whether stripping libraries is possible
configure:12364: result: yes
configure:12399: checking if libtool supports shared libraries
configure:12401: result: yes
configure:12404: checking whether to build shared libraries
configure:12429: result: no
configure:12432: checking whether to build static libraries
configure:12436: result: yes
configure:12475: checking for getisax
configure:12475: gcc -o conftest -g  -fPIC -m64 -mcx16     conftest.c  >&5
/tmp/ccaWw8ST.o: In function `main':
/home/prafull/mtp/qemu-2.8.0/build/pixman/conftest.c:57: undefined reference to `getisax'
collect2: error: ld returned 1 exit status
configure:12475: $? = 1
configure: failed program was:
| /* confdefs.h */
| #define PACKAGE_NAME "pixman"
| #define PACKAGE_TARNAME "pixman"
| #define PACKAGE_VERSION "0.32.6"
| #define PACKAGE_STRING "pixman 0.32.6"
| #define PACKAGE_BUGREPORT "pixman@lists.freedesktop.org"
| #define PACKAGE_URL ""
| #define PACKAGE "pixman"
| #define VERSION "0.32.6"
| #define STDC_HEADERS 1
| #define HAVE_SYS_TYPES_H 1
| #define HAVE_SYS_STAT_H 1
| #define HAVE_STDLIB_H 1
| #define HAVE_STRING_H 1
| #define HAVE_MEMORY_H 1
| #define HAVE_STRINGS_H 1
| #define HAVE_INTTYPES_H 1
| #define HAVE_STDINT_H 1
| #define HAVE_UNISTD_H 1
| #define HAVE_DLFCN_H 1
| #define LT_OBJDIR ".libs/"
| /* end confdefs.h.  */
| /* Define getisax to an innocuous variant, in case <limits.h> declares getisax.
|    For example, HP-UX 11i <limits.h> declares gettimeofday.  */
| #define getisax innocuous_getisax
| 
| /* System header to define __stub macros and hopefully few prototypes,
|     which can conflict with char getisax (); below.
|     Prefer <limits.h> to <assert.h> if __STDC__ is defined, since
|     <limits.h> exists even on freestanding compilers.  */
| 
| #ifdef __STDC__
| # include <limits.h>
| #else
| # include <assert.h>
| #endif
| 
| #undef getisax
| 
| /* Override any GCC internal prototype to avoid an error.
|    Use char because int might match the return type of a GCC
|    builtin and then its argument prototype would still apply.  */
| #ifdef __cplusplus
| extern "C"
| #endif
| char getisax ();
| /* The GNU C library defines this for functions which it implements
|     to always fail with ENOSYS.  Some functions are actually named
|     something starting with __ and the normal name is an alias.  */
| #if defined __stub_getisax || defined __stub___getisax
| choke me
| #endif
| 
| int
| main ()
| {
| return getisax ();
|   ;
|   return 0;
| }
configure:12475: result: no
configure:12484: checking whether byte ordering is bigendian
configure:12499: gcc -c -g  -fPIC -m64 -mcx16    conftest.c >&5
conftest.c:24:9: error: unknown type name 'not'
         not a universal capable compiler
         ^
conftest.c:24:15: error: expected '=', ',', ';', 'asm' or '__attribute__' before 'universal'
         not a universal capable compiler
               ^
conftest.c:24:15: error: unknown type name 'universal'
configure:12499: $? = 1
configure: failed program was:
| /* confdefs.h */
| #define PACKAGE_NAME "pixman"
| #define PACKAGE_TARNAME "pixman"
| #define PACKAGE_VERSION "0.32.6"
| #define PACKAGE_STRING "pixman 0.32.6"
| #define PACKAGE_BUGREPORT "pixman@lists.freedesktop.org"
| #define PACKAGE_URL ""
| #define PACKAGE "pixman"
| #define VERSION "0.32.6"
| #define STDC_HEADERS 1
| #define HAVE_SYS_TYPES_H 1
| #define HAVE_SYS_STAT_H 1
| #define HAVE_STDLIB_H 1
| #define HAVE_STRING_H 1
| #define HAVE_MEMORY_H 1
| #define HAVE_STRINGS_H 1
| #define HAVE_INTTYPES_H 1
| #define HAVE_STDINT_H 1
| #define HAVE_UNISTD_H 1
| #define HAVE_DLFCN_H 1
| #define LT_OBJDIR ".libs/"
| /* end confdefs.h.  */
| #ifndef __APPLE_CC__
| 	       not a universal capable compiler
| 	     #endif
| 	     typedef int dummy;
| 
configure:12544: gcc -c -g  -fPIC -m64 -mcx16    conftest.c >&5
configure:12544: $? = 0
configure:12562: gcc -c -g  -fPIC -m64 -mcx16    conftest.c >&5
conftest.c: In function 'main':
conftest.c:30:4: error: unknown type name 'not'
    not big endian
    ^
conftest.c:30:12: error: expected '=', ',', ';', 'asm' or '__attribute__' before 'endian'
    not big endian
            ^
configure:12562: $? = 1
configure: failed program was:
| /* confdefs.h */
| #define PACKAGE_NAME "pixman"
| #define PACKAGE_TARNAME "pixman"
| #define PACKAGE_VERSION "0.32.6"
| #define PACKAGE_STRING "pixman 0.32.6"
| #define PACKAGE_BUGREPORT "pixman@lists.freedesktop.org"
| #define PACKAGE_URL ""
| #define PACKAGE "pixman"
| #define VERSION "0.32.6"
| #define STDC_HEADERS 1
| #define HAVE_SYS_TYPES_H 1
| #define HAVE_SYS_STAT_H 1
| #define HAVE_STDLIB_H 1
| #define HAVE_STRING_H 1
| #define HAVE_MEMORY_H 1
| #define HAVE_STRINGS_H 1
| #define HAVE_INTTYPES_H 1
| #define HAVE_STDINT_H 1
| #define HAVE_UNISTD_H 1
| #define HAVE_DLFCN_H 1
| #define LT_OBJDIR ".libs/"
| /* end confdefs.h.  */
| #include <sys/types.h>
| 		#include <sys/param.h>
| 
| int
| main ()
| {
| #if BYTE_ORDER != BIG_ENDIAN
| 		 not big endian
| 		#endif
| 
|   ;
|   return 0;
| }
configure:12690: result: no
configure:12708: checking for inline
configure:12724: gcc -c -g  -fPIC -m64 -mcx16    conftest.c >&5
configure:12724: $? = 0
configure:12732: result: inline
configure:12756: checking whether the compiler supports -Werror
configure:12772: gcc -o conftest -g  -fPIC -m64 -mcx16   -Werror    conftest.c   >&5
configure:12772: $? = 0
configure:12795: result: yes
configure:12806: checking size of long
configure:12811: gcc -o conftest -g  -fPIC -m64 -mcx16     conftest.c  >&5
configure:12811: $? = 0
configure:12811: ./conftest
configure:12811: $? = 0
configure:12825: result: 8
configure:12837: checking whether __SUNPRO_C is declared
configure:12837: gcc -c -g  -fPIC -m64 -mcx16    conftest.c >&5
conftest.c: In function 'main':
conftest.c:64:10: error: '__SUNPRO_C' undeclared (first use in this function)
   (void) __SUNPRO_C;
          ^
conftest.c:64:10: note: each undeclared identifier is reported only once for each function it appears in
configure:12837: $? = 1
configure: failed program was:
| /* confdefs.h */
| #define PACKAGE_NAME "pixman"
| #define PACKAGE_TARNAME "pixman"
| #define PACKAGE_VERSION "0.32.6"
| #define PACKAGE_STRING "pixman 0.32.6"
| #define PACKAGE_BUGREPORT "pixman@lists.freedesktop.org"
| #define PACKAGE_URL ""
| #define PACKAGE "pixman"
| #define VERSION "0.32.6"
| #define STDC_HEADERS 1
| #define HAVE_SYS_TYPES_H 1
| #define HAVE_SYS_STAT_H 1
| #define HAVE_STDLIB_H 1
| #define HAVE_STRING_H 1
| #define HAVE_MEMORY_H 1
| #define HAVE_STRINGS_H 1
| #define HAVE_INTTYPES_H 1
| #define HAVE_STDINT_H 1
| #define HAVE_UNISTD_H 1
| #define HAVE_DLFCN_H 1
| #define LT_OBJDIR ".libs/"
| #define SIZEOF_LONG 8
| /* end confdefs.h.  */
| #include <stdio.h>
| #ifdef HAVE_SYS_TYPES_H
| # include <sys/types.h>
| #endif
| #ifdef HAVE_SYS_STAT_H
| # include <sys/stat.h>
| #endif
| #ifdef STDC_HEADERS
| # include <stdlib.h>
| # include <stddef.h>
| #else
| # ifdef HAVE_STDLIB_H
| #  include <stdlib.h>
| # endif
| #endif
| #ifdef HAVE_STRING_H
| # if !defined STDC_HEADERS && defined HAVE_MEMORY_H
| #  include <memory.h>
| # endif
| # include <string.h>
| #endif
| #ifdef HAVE_STRINGS_H
| # include <strings.h>
| #endif
| #ifdef HAVE_INTTYPES_H
| # include <inttypes.h>
| #endif
| #ifdef HAVE_STDINT_H
| # include <stdint.h>
| #endif
| #ifdef HAVE_UNISTD_H
| # include <unistd.h>
| #endif
| int
| main ()
| {
| #ifndef __SUNPRO_C
| #ifdef __cplusplus
|   (void) __SUNPRO_C;
| #else
|   (void) __SUNPRO_C;
| #endif
| #endif
| 
|   ;
|   return 0;
| }
configure:12837: result: no
configure:12844: checking whether __amd64 is declared
configure:12844: gcc -c -g  -fPIC -m64 -mcx16    conftest.c >&5
configure:12844: $? = 0
configure:12844: result: yes
configure:12885: checking whether the compiler supports -Wall
configure:12903: gcc -o conftest -g  -fPIC -m64 -mcx16   -Werror -Wall    conftest.c   >&5
configure:12903: $? = 0
configure:12929: result: yes
configure:12932: checking whether the compiler supports -Wdeclaration-after-statement
configure:12950: gcc -o conftest -g  -fPIC -m64 -mcx16   -Wall -Werror -Wdeclaration-after-statement    conftest.c   >&5
configure:12950: $? = 0
configure:12976: result: yes
configure:12979: checking whether the compiler supports -fno-strict-aliasing
configure:12997: gcc -o conftest -g  -fPIC -m64 -mcx16   -Wall -Wdeclaration-after-statement -Werror -fno-strict-aliasing    conftest.c   >&5
configure:12997: $? = 0
configure:13023: result: yes
configure:13038: checking for gcc option to support OpenMP
configure:13053: gcc -o conftest -g  -fPIC -m64 -mcx16   -Wall -Wdeclaration-after-statement -fno-strict-aliasing   conftest.c  >&5
conftest.c:26:2: error: unknown type name 'choke'
  choke me
  ^
In file included from conftest.c:28:0:
/usr/lib/gcc/x86_64-linux-gnu/5/include/omp.h:35:1: error: expected '=', ',', ';', 'asm' or '__attribute__' before 'typedef'
 typedef struct
 ^
configure:13053: $? = 1
configure: failed program was:
| /* confdefs.h */
| #define PACKAGE_NAME "pixman"
| #define PACKAGE_TARNAME "pixman"
| #define PACKAGE_VERSION "0.32.6"
| #define PACKAGE_STRING "pixman 0.32.6"
| #define PACKAGE_BUGREPORT "pixman@lists.freedesktop.org"
| #define PACKAGE_URL ""
| #define PACKAGE "pixman"
| #define VERSION "0.32.6"
| #define STDC_HEADERS 1
| #define HAVE_SYS_TYPES_H 1
| #define HAVE_SYS_STAT_H 1
| #define HAVE_STDLIB_H 1
| #define HAVE_STRING_H 1
| #define HAVE_MEMORY_H 1
| #define HAVE_STRINGS_H 1
| #define HAVE_INTTYPES_H 1
| #define HAVE_STDINT_H 1
| #define HAVE_UNISTD_H 1
| #define HAVE_DLFCN_H 1
| #define LT_OBJDIR ".libs/"
| #define SIZEOF_LONG 8
| /* end confdefs.h.  */
| 
| #ifndef _OPENMP
|  choke me
| #endif
| #include <omp.h>
| int main () { return omp_get_num_threads (); }
| 
configure:13071: gcc -o conftest -g  -fPIC -m64 -mcx16   -Wall -Wdeclaration-after-statement -fno-strict-aliasing -fopenmp   conftest.c  >&5
configure:13071: $? = 0
configure:13085: result: -fopenmp
configure:13151: gcc -o conftest -g  -fPIC -m64 -mcx16   -Wall -Wdeclaration-after-statement -fno-strict-aliasing -fopenmp   -fopenmp conftest.c   >&5
configure:13151: $? = 0
configure:13183: checking whether the compiler supports -fvisibility=hidden
configure:13208: gcc -o conftest -g  -fPIC -m64 -mcx16   -Wall -Wdeclaration-after-statement -fno-strict-aliasing -Werror -fvisibility=hidden    conftest.c   >&5
configure:13208: $? = 0
configure:13234: result: yes
configure:13238: checking whether the compiler supports -xldscope=hidden
configure:13260: gcc -o conftest -g  -fPIC -m64 -mcx16   -Wall -Wdeclaration-after-statement -fno-strict-aliasing -fvisibility=hidden -Werror -xldscope=hidden    conftest.c   >&5
gcc: error: language ldscope=hidden not recognized
gcc: error: language ldscope=hidden not recognized
configure:13260: $? = 1
configure: failed program was:
| /* confdefs.h */
| #define PACKAGE_NAME "pixman"
| #define PACKAGE_TARNAME "pixman"
| #define PACKAGE_VERSION "0.32.6"
| #define PACKAGE_STRING "pixman 0.32.6"
| #define PACKAGE_BUGREPORT "pixman@lists.freedesktop.org"
| #define PACKAGE_URL ""
| #define PACKAGE "pixman"
| #define VERSION "0.32.6"
| #define STDC_HEADERS 1
| #define HAVE_SYS_TYPES_H 1
| #define HAVE_SYS_STAT_H 1
| #define HAVE_STDLIB_H 1
| #define HAVE_STRING_H 1
| #define HAVE_MEMORY_H 1
| #define HAVE_STRINGS_H 1
| #define HAVE_INTTYPES_H 1
| #define HAVE_STDINT_H 1
| #define HAVE_UNISTD_H 1
| #define HAVE_DLFCN_H 1
| #define LT_OBJDIR ".libs/"
| #define SIZEOF_LONG 8
| #define USE_OPENMP 1
| /* end confdefs.h.  */
| #if defined(__SUNPRO_C) && (__SUNPRO_C >= 0x550)
| #else
| #error Need Sun Studio 8 for visibility
| #endif
| 
| 		 int main(int c, char **v) { (void)c; (void)v; return 0; }
| 
configure:13286: result: no
configure:13296: checking whether to use Loongson MMI assembler
configure:13321: gcc -o conftest  -march=loongson2f -g  -fPIC -m64 -mcx16   -Wall -Wdeclaration-after-statement -fno-strict-aliasing -fvisibility=hidden -I/home/prafull/mtp/qemu-2.8.0/pixman   conftest.c  >&5
conftest.c:1:0: error: bad value (loongson2f) for -march= switch
 /* confdefs.h */
 ^
configure:13321: $? = 1
configure: failed program was:
| /* confdefs.h */
| #define PACKAGE_NAME "pixman"
| #define PACKAGE_TARNAME "pixman"
| #define PACKAGE_VERSION "0.32.6"
| #define PACKAGE_STRING "pixman 0.32.6"
| #define PACKAGE_BUGREPORT "pixman@lists.freedesktop.org"
| #define PACKAGE_URL ""
| #define PACKAGE "pixman"
| #define VERSION "0.32.6"
| #define STDC_HEADERS 1
| #define HAVE_SYS_TYPES_H 1
| #define HAVE_SYS_STAT_H 1
| #define HAVE_STDLIB_H 1
| #define HAVE_STRING_H 1
| #define HAVE_MEMORY_H 1
| #define HAVE_STRINGS_H 1
| #define HAVE_INTTYPES_H 1
| #define HAVE_STDINT_H 1
| #define HAVE_UNISTD_H 1
| #define HAVE_DLFCN_H 1
| #define LT_OBJDIR ".libs/"
| #define SIZEOF_LONG 8
| #define USE_OPENMP 1
| /* end confdefs.h.  */
| 
| #ifndef __mips_loongson_vector_rev
| #error "Loongson Multimedia Instructions are only available on Loongson"
| #endif
| #if defined(__GNUC__) && (__GNUC__ < 4 || (__GNUC__ == 4 && __GNUC_MINOR__ < 4))
| #error "Need GCC >= 4.4 for Loongson MMI compilation"
| #endif
| #include "pixman/loongson-mmintrin.h"
| int main () {
|     union {
|         __m64 v;
|         char c[8];
|     } a = { .c = {1, 2, 3, 4, 5, 6, 7, 8} };
|     int b = 4;
|     __m64 c = _mm_srli_pi16 (a.v, b);
|     return 0;
| }
configure:13348: result: no
configure:13378: checking whether to use MMX intrinsics
configure:13408: gcc -c -mmmx -Winline -g  -fPIC -m64 -mcx16   -Wall -Wdeclaration-after-statement -fno-strict-aliasing -fvisibility=hidden  conftest.c >&5
configure:13408: $? = 0
configure:13434: result: yes
configure:13462: checking whether to use SSE2 intrinsics
configure:13484: gcc -c -msse2 -Winline -g  -fPIC -m64 -mcx16   -Wall -Wdeclaration-after-statement -fno-strict-aliasing -fvisibility=hidden  conftest.c >&5
conftest.c: In function 'main':
conftest.c:36:61: warning: variable 'c' set but not used [-Wunused-but-set-variable]
     __m128i a = _mm_set1_epi32 (0), b = _mm_set1_epi32 (0), c;
                                                             ^
configure:13484: $? = 0
configure:13508: result: yes
configure:13529: checking whether to use SSSE3 intrinsics
configure:13547: gcc -c -mssse3 -Winline -g  -fPIC -m64 -mcx16   -Wall -Wdeclaration-after-statement -fno-strict-aliasing -fvisibility=hidden  conftest.c >&5
conftest.c: In function 'main':
conftest.c:33:61: warning: variable 'c' set but not used [-Wunused-but-set-variable]
     __m128i a = _mm_set1_epi32 (0), b = _mm_set1_epi32 (0), c;
                                                             ^
configure:13547: $? = 0
configure:13571: result: yes
configure:13638: checking whether to use VMX/Altivec intrinsics
configure:13655: gcc -c -maltivec -mabi=altivec -g  -fPIC -m64 -mcx16   -Wall -Wdeclaration-after-statement -fno-strict-aliasing -fvisibility=hidden  conftest.c >&5
gcc: error: unrecognized argument in option '-mabi=altivec'
gcc: note: valid arguments to '-mabi=' are: ms sysv
gcc: error: unrecognized command line option '-maltivec'
configure:13655: $? = 1
configure: failed program was:
| /* confdefs.h */
| #define PACKAGE_NAME "pixman"
| #define PACKAGE_TARNAME "pixman"
| #define PACKAGE_VERSION "0.32.6"
| #define PACKAGE_STRING "pixman 0.32.6"
| #define PACKAGE_BUGREPORT "pixman@lists.freedesktop.org"
| #define PACKAGE_URL ""
| #define PACKAGE "pixman"
| #define VERSION "0.32.6"
| #define STDC_HEADERS 1
| #define HAVE_SYS_TYPES_H 1
| #define HAVE_SYS_STAT_H 1
| #define HAVE_STDLIB_H 1
| #define HAVE_STRING_H 1
| #define HAVE_MEMORY_H 1
| #define HAVE_STRINGS_H 1
| #define HAVE_INTTYPES_H 1
| #define HAVE_STDINT_H 1
| #define HAVE_UNISTD_H 1
| #define HAVE_DLFCN_H 1
| #define LT_OBJDIR ".libs/"
| #define SIZEOF_LONG 8
| #define USE_OPENMP 1
| #define USE_X86_MMX 1
| #define USE_SSE2 1
| #define USE_SSSE3 1
| /* end confdefs.h.  */
| 
| #if defined(__GNUC__) && (__GNUC__ < 3 || (__GNUC__ == 3 && __GNUC_MINOR__ < 4))
| #error "Need GCC >= 3.4 for sane altivec support"
| #endif
| #include <altivec.h>
| int main () {
|     vector unsigned int v = vec_splat_u32 (1);
|     v = vec_sub (v, v);
|     return 0;
| }
configure:13681: result: no
configure:13699: checking whether to use ARM SIMD assembler
configure:13717: gcc -c -x assembler-with-cpp -g  -fPIC -m64 -mcx16   -Wall -Wdeclaration-after-statement -fno-strict-aliasing -fvisibility=hidden  conftest.c >&5
conftest.c:35:2: error: #error EABI is required (to be sure that calling conventions are compatible)
 #error EABI is required (to be sure that calling conventions are compatible)
  ^
configure:13717: $? = 1
configure: failed program was:
| /* confdefs.h */
| #define PACKAGE_NAME "pixman"
| #define PACKAGE_TARNAME "pixman"
| #define PACKAGE_VERSION "0.32.6"
| #define PACKAGE_STRING "pixman 0.32.6"
| #define PACKAGE_BUGREPORT "pixman@lists.freedesktop.org"
| #define PACKAGE_URL ""
| #define PACKAGE "pixman"
| #define VERSION "0.32.6"
| #define STDC_HEADERS 1
| #define HAVE_SYS_TYPES_H 1
| #define HAVE_SYS_STAT_H 1
| #define HAVE_STDLIB_H 1
| #define HAVE_STRING_H 1
| #define HAVE_MEMORY_H 1
| #define HAVE_STRINGS_H 1
| #define HAVE_INTTYPES_H 1
| #define HAVE_STDINT_H 1
| #define HAVE_UNISTD_H 1
| #define HAVE_DLFCN_H 1
| #define LT_OBJDIR ".libs/"
| #define SIZEOF_LONG 8
| #define USE_OPENMP 1
| #define USE_X86_MMX 1
| #define USE_SSE2 1
| #define USE_SSSE3 1
| /* end confdefs.h.  */
| 
| .text
| .arch armv6
| .object_arch armv4
| .arm
| .altmacro
| #ifndef __ARM_EABI__
| #error EABI is required (to be sure that calling conventions are compatible)
| #endif
| pld [r0]
| uqadd8 r0, r0, r0
configure:13750: result: no
configure:13757: checking whether to use ARM NEON assembler
configure:13777: gcc -c -x assembler-with-cpp -g  -fPIC -m64 -mcx16   -Wall -Wdeclaration-after-statement -fno-strict-aliasing -fvisibility=hidden  conftest.c >&5
conftest.c:37:2: error: #error EABI is required (to be sure that calling conventions are compatible)
 #error EABI is required (to be sure that calling conventions are compatible)
  ^
configure:13777: $? = 1
configure: failed program was:
| /* confdefs.h */
| #define PACKAGE_NAME "pixman"
| #define PACKAGE_TARNAME "pixman"
| #define PACKAGE_VERSION "0.32.6"
| #define PACKAGE_STRING "pixman 0.32.6"
| #define PACKAGE_BUGREPORT "pixman@lists.freedesktop.org"
| #define PACKAGE_URL ""
| #define PACKAGE "pixman"
| #define VERSION "0.32.6"
| #define STDC_HEADERS 1
| #define HAVE_SYS_TYPES_H 1
| #define HAVE_SYS_STAT_H 1
| #define HAVE_STDLIB_H 1
| #define HAVE_STRING_H 1
| #define HAVE_MEMORY_H 1
| #define HAVE_STRINGS_H 1
| #define HAVE_INTTYPES_H 1
| #define HAVE_STDINT_H 1
| #define HAVE_UNISTD_H 1
| #define HAVE_DLFCN_H 1
| #define LT_OBJDIR ".libs/"
| #define SIZEOF_LONG 8
| #define USE_OPENMP 1
| #define USE_X86_MMX 1
| #define USE_SSE2 1
| #define USE_SSSE3 1
| /* end confdefs.h.  */
| 
| .text
| .fpu neon
| .arch armv7a
| .object_arch armv4
| .eabi_attribute 10, 0
| .arm
| .altmacro
| #ifndef __ARM_EABI__
| #error EABI is required (to be sure that calling conventions are compatible)
| #endif
| pld [r0]
| vmovn.u16 d0, q0
configure:13810: result: no
configure:13841: checking whether to use ARM IWMMXT intrinsics
configure:13867: gcc -c -g  -fPIC -m64 -mcx16   -Wall -Wdeclaration-after-statement -fno-strict-aliasing -fvisibility=hidden -flax-vector-conversions -Winline -march=iwmmxt2  conftest.c >&5
conftest.c:1:0: error: bad value (iwmmxt2) for -march= switch
 /* confdefs.h */
 ^
configure:13867: $? = 1
configure: failed program was:
| /* confdefs.h */
| #define PACKAGE_NAME "pixman"
| #define PACKAGE_TARNAME "pixman"
| #define PACKAGE_VERSION "0.32.6"
| #define PACKAGE_STRING "pixman 0.32.6"
| #define PACKAGE_BUGREPORT "pixman@lists.freedesktop.org"
| #define PACKAGE_URL ""
| #define PACKAGE "pixman"
| #define VERSION "0.32.6"
| #define STDC_HEADERS 1
| #define HAVE_SYS_TYPES_H 1
| #define HAVE_SYS_STAT_H 1
| #define HAVE_STDLIB_H 1
| #define HAVE_STRING_H 1
| #define HAVE_MEMORY_H 1
| #define HAVE_STRINGS_H 1
| #define HAVE_INTTYPES_H 1
| #define HAVE_STDINT_H 1
| #define HAVE_UNISTD_H 1
| #define HAVE_DLFCN_H 1
| #define LT_OBJDIR ".libs/"
| #define SIZEOF_LONG 8
| #define USE_OPENMP 1
| #define USE_X86_MMX 1
| #define USE_SSE2 1
| #define USE_SSSE3 1
| /* end confdefs.h.  */
| 
| #ifndef __arm__
| #error "IWMMXT is only available on ARM"
| #endif
| #ifndef __IWMMXT__
| #error "IWMMXT not enabled (with -march=iwmmxt)"
| #endif
| #if defined(__GNUC__) && (__GNUC__ < 4 || (__GNUC__ == 4 && __GNUC_MINOR__ < 8))
| #error "Need GCC >= 4.8 for IWMMXT intrinsics"
| #endif
| #include <mmintrin.h>
| int main () {
| 	union {
| 		__m64 v;
| 		char c[8];
| 	} a = { .c = {1, 2, 3, 4, 5, 6, 7, 8} };
| 	int b = 4;
| 	__m64 c = _mm_srli_si64 (a.v, b);
| }
configure:13885: result: no
configure:13902: checking whether to use MIPS DSPr2 assembler
configure:13925: gcc -c -mdspr2 -g  -fPIC -m64 -mcx16   -Wall -Wdeclaration-after-statement -fno-strict-aliasing -fvisibility=hidden  conftest.c >&5
gcc: error: unrecognized command line option '-mdspr2'
configure:13925: $? = 1
configure: failed program was:
| /* confdefs.h */
| #define PACKAGE_NAME "pixman"
| #define PACKAGE_TARNAME "pixman"
| #define PACKAGE_VERSION "0.32.6"
| #define PACKAGE_STRING "pixman 0.32.6"
| #define PACKAGE_BUGREPORT "pixman@lists.freedesktop.org"
| #define PACKAGE_URL ""
| #define PACKAGE "pixman"
| #define VERSION "0.32.6"
| #define STDC_HEADERS 1
| #define HAVE_SYS_TYPES_H 1
| #define HAVE_SYS_STAT_H 1
| #define HAVE_STDLIB_H 1
| #define HAVE_STRING_H 1
| #define HAVE_MEMORY_H 1
| #define HAVE_STRINGS_H 1
| #define HAVE_INTTYPES_H 1
| #define HAVE_STDINT_H 1
| #define HAVE_UNISTD_H 1
| #define HAVE_DLFCN_H 1
| #define LT_OBJDIR ".libs/"
| #define SIZEOF_LONG 8
| #define USE_OPENMP 1
| #define USE_X86_MMX 1
| #define USE_SSE2 1
| #define USE_SSSE3 1
| /* end confdefs.h.  */
| 
| #if !(defined(__mips__) &&  __mips_isa_rev >= 2)
| #error MIPS DSPr2 is currently only available on MIPS32r2 platforms.
| #endif
| int
| main ()
| {
|     int c = 0, a = 0, b = 0;
|     __asm__ __volatile__ (
|         "precr.qb.ph %[c], %[a], %[b]          \n\t"
|         : [c] "=r" (c)
|         : [a] "r" (a), [b] "r" (b)
|     );
|     return c;
| }
configure:13958: result: no
configure:13966: checking whether to use GNU-style inline assembler
configure:13977: gcc -c -g  -fPIC -m64 -mcx16   -Wall -Wdeclaration-after-statement -fno-strict-aliasing -fvisibility=hidden  conftest.c >&5
configure:13977: $? = 0
configure:14000: result: yes
configure:14109: checking for pkg-config
configure:14127: found /usr/bin/pkg-config
configure:14139: result: /usr/bin/pkg-config
configure:14164: checking pkg-config is at least version 0.9.0
configure:14167: result: yes
configure:14447: checking for posix_memalign
configure:14447: gcc -o conftest -g  -fPIC -m64 -mcx16   -Wall -Wdeclaration-after-statement -fno-strict-aliasing -fvisibility=hidden   conftest.c  >&5
conftest.c:52:6: warning: conflicting types for built-in function 'posix_memalign'
 char posix_memalign ();
      ^
configure:14447: $? = 0
configure:14447: result: yes
configure:14460: checking for sigaction
configure:14460: gcc -o conftest -g  -fPIC -m64 -mcx16   -Wall -Wdeclaration-after-statement -fno-strict-aliasing -fvisibility=hidden   conftest.c  >&5
configure:14460: $? = 0
configure:14460: result: yes
configure:14473: checking for alarm
configure:14473: gcc -o conftest -g  -fPIC -m64 -mcx16   -Wall -Wdeclaration-after-statement -fno-strict-aliasing -fvisibility=hidden   conftest.c  >&5
configure:14473: $? = 0
configure:14473: result: yes
configure:14486: checking sys/mman.h usability
configure:14486: gcc -c -g  -fPIC -m64 -mcx16   -Wall -Wdeclaration-after-statement -fno-strict-aliasing -fvisibility=hidden  conftest.c >&5
configure:14486: $? = 0
configure:14486: result: yes
configure:14486: checking sys/mman.h presence
configure:14486: gcc -E  conftest.c
configure:14486: $? = 0
configure:14486: result: yes
configure:14486: checking for sys/mman.h
configure:14486: result: yes
configure:14495: checking for mmap
configure:14495: gcc -o conftest -g  -fPIC -m64 -mcx16   -Wall -Wdeclaration-after-statement -fno-strict-aliasing -fvisibility=hidden   conftest.c  >&5
configure:14495: $? = 0
configure:14495: result: yes
configure:14508: checking for mprotect
configure:14508: gcc -o conftest -g  -fPIC -m64 -mcx16   -Wall -Wdeclaration-after-statement -fno-strict-aliasing -fvisibility=hidden   conftest.c  >&5
configure:14508: $? = 0
configure:14508: result: yes
configure:14521: checking for getpagesize
configure:14521: gcc -o conftest -g  -fPIC -m64 -mcx16   -Wall -Wdeclaration-after-statement -fno-strict-aliasing -fvisibility=hidden   conftest.c  >&5
configure:14521: $? = 0
configure:14521: result: yes
configure:14534: checking fenv.h usability
configure:14534: gcc -c -g  -fPIC -m64 -mcx16   -Wall -Wdeclaration-after-statement -fno-strict-aliasing -fvisibility=hidden  conftest.c >&5
configure:14534: $? = 0
configure:14534: result: yes
configure:14534: checking fenv.h presence
configure:14534: gcc -E  conftest.c
configure:14534: $? = 0
configure:14534: result: yes
configure:14534: checking for fenv.h
configure:14534: result: yes
configure:14543: checking for feenableexcept in -lm
configure:14568: gcc -o conftest -g  -fPIC -m64 -mcx16   -Wall -Wdeclaration-after-statement -fno-strict-aliasing -fvisibility=hidden   conftest.c -lm   >&5
configure:14568: $? = 0
configure:14577: result: yes
configure:14591: checking for gettimeofday
configure:14591: gcc -o conftest -g  -fPIC -m64 -mcx16   -Wall -Wdeclaration-after-statement -fno-strict-aliasing -fvisibility=hidden   conftest.c  >&5
configure:14591: $? = 0
configure:14591: result: yes
configure:14598: checking sys/time.h usability
configure:14598: gcc -c -g  -fPIC -m64 -mcx16   -Wall -Wdeclaration-after-statement -fno-strict-aliasing -fvisibility=hidden  conftest.c >&5
configure:14598: $? = 0
configure:14598: result: yes
configure:14598: checking sys/time.h presence
configure:14598: gcc -E  conftest.c
configure:14598: $? = 0
configure:14598: result: yes
configure:14598: checking for sys/time.h
configure:14598: result: yes
configure:14613: checking for library containing sqrtf
configure:14644: gcc -o conftest -g  -fPIC -m64 -mcx16   -Wall -Wdeclaration-after-statement -fno-strict-aliasing -fvisibility=hidden   conftest.c  >&5
conftest.c:46:6: warning: conflicting types for built-in function 'sqrtf'
 char sqrtf ();
      ^
/tmp/cc69R5Sc.o: In function `main':
/home/prafull/mtp/qemu-2.8.0/build/pixman/conftest.c:50: undefined reference to `sqrtf'
collect2: error: ld returned 1 exit status
configure:14644: $? = 1
configure: failed program was:
| /* confdefs.h */
| #define PACKAGE_NAME "pixman"
| #define PACKAGE_TARNAME "pixman"
| #define PACKAGE_VERSION "0.32.6"
| #define PACKAGE_STRING "pixman 0.32.6"
| #define PACKAGE_BUGREPORT "pixman@lists.freedesktop.org"
| #define PACKAGE_URL ""
| #define PACKAGE "pixman"
| #define VERSION "0.32.6"
| #define STDC_HEADERS 1
| #define HAVE_SYS_TYPES_H 1
| #define HAVE_SYS_STAT_H 1
| #define HAVE_STDLIB_H 1
| #define HAVE_STRING_H 1
| #define HAVE_MEMORY_H 1
| #define HAVE_STRINGS_H 1
| #define HAVE_INTTYPES_H 1
| #define HAVE_STDINT_H 1
| #define HAVE_UNISTD_H 1
| #define HAVE_DLFCN_H 1
| #define LT_OBJDIR ".libs/"
| #define SIZEOF_LONG 8
| #define USE_OPENMP 1
| #define USE_X86_MMX 1
| #define USE_SSE2 1
| #define USE_SSSE3 1
| #define USE_GCC_INLINE_ASM 1
| #define HAVE_POSIX_MEMALIGN 1
| #define HAVE_SIGACTION 1
| #define HAVE_ALARM 1
| #define HAVE_SYS_MMAN_H 1
| #define HAVE_MMAP 1
| #define HAVE_MPROTECT 1
| #define HAVE_GETPAGESIZE 1
| #define HAVE_FENV_H 1
| #define HAVE_FEENABLEEXCEPT 1
| #define HAVE_GETTIMEOFDAY 1
| /* end confdefs.h.  */
| 
| /* Override any GCC internal prototype to avoid an error.
|    Use char because int might match the return type of a GCC
|    builtin and then its argument prototype would still apply.  */
| #ifdef __cplusplus
| extern "C"
| #endif
| char sqrtf ();
| int
| main ()
| {
| return sqrtf ();
|   ;
|   return 0;
| }
configure:14644: gcc -o conftest -g  -fPIC -m64 -mcx16   -Wall -Wdeclaration-after-statement -fno-strict-aliasing -fvisibility=hidden   conftest.c -lm   >&5
conftest.c:46:6: warning: conflicting types for built-in function 'sqrtf'
 char sqrtf ();
      ^
configure:14644: $? = 0
configure:14661: result: -lm
configure:14675: checking for thread local storage (TLS) support
configure:14703: gcc -c -g  -fPIC -m64 -mcx16   -Wall -Wdeclaration-after-statement -fno-strict-aliasing -fvisibility=hidden  conftest.c >&5
configure:14703: $? = 0
configure:14711: result: __thread
configure:14729: checking for pthreads
configure:14779: gcc -o conftest -g  -fPIC -m64 -mcx16   -Wall -Wdeclaration-after-statement -fno-strict-aliasing -fvisibility=hidden -pthread   -pthread conftest.c -lm   >&5
configure:14779: $? = 0
configure:14967: result: yes
configure:14979: checking for __attribute__((constructor))
configure:14996: gcc -o conftest -g  -fPIC -m64 -mcx16   -Wall -Wdeclaration-after-statement -fno-strict-aliasing -fvisibility=hidden   conftest.c -lm  >&5
configure:14996: $? = 0
configure:15008: result: yes
configure:15015: checking for __float128
configure:15023: gcc -o conftest -g  -fPIC -m64 -mcx16   -Wall -Wdeclaration-after-statement -fno-strict-aliasing -fvisibility=hidden   conftest.c -lm  >&5
configure:15023: $? = 0
configure:15035: result: yes
configure:15041: checking for __builtin_clz
configure:15049: gcc -o conftest -g  -fPIC -m64 -mcx16   -Wall -Wdeclaration-after-statement -fno-strict-aliasing -fvisibility=hidden   conftest.c -lm  >&5
configure:15049: $? = 0
configure:15061: result: yes
configure:15067: checking for GCC vector extensions
configure:15076: gcc -o conftest -g  -fPIC -m64 -mcx16   -Wall -Wdeclaration-after-statement -fno-strict-aliasing -fvisibility=hidden   conftest.c -lm  >&5
configure:15076: $? = 0
configure:15088: result: yes
configure:15195: checking for PNG
configure:15202: $PKG_CONFIG --exists --print-errors "libpng"
Package libpng was not found in the pkg-config search path.
Perhaps you should add the directory containing `libpng.pc'
to the PKG_CONFIG_PATH environment variable
No package 'libpng' found
configure:15205: $? = 1
configure:15219: $PKG_CONFIG --exists --print-errors "libpng"
Package libpng was not found in the pkg-config search path.
Perhaps you should add the directory containing `libpng.pc'
to the PKG_CONFIG_PATH environment variable
No package 'libpng' found
configure:15222: $? = 1
configure:15236: result: no
No package 'libpng' found
configure:15385: checking that generated files are newer than configure
configure:15391: result: done
configure:15463: creating ./config.status

## ---------------------- ##
## Running config.status. ##
## ---------------------- ##

This file was extended by pixman config.status 0.32.6, which was
generated by GNU Autoconf 2.69.  Invocation command line was

  CONFIG_FILES    = 
  CONFIG_HEADERS  = 
  CONFIG_LINKS    = 
  CONFIG_COMMANDS = 
  $ ./config.status 

on Lagger

config.status:1168: creating pixman-1.pc
config.status:1168: creating pixman-1-uninstalled.pc
config.status:1168: creating Makefile
config.status:1168: creating pixman/Makefile
config.status:1168: creating pixman/pixman-version.h
config.status:1168: creating demos/Makefile
config.status:1168: creating test/Makefile
config.status:1168: creating config.h
config.status:1334: config.h is unchanged
config.status:1382: executing depfiles commands
config.status:1382: executing libtool commands

## ---------------- ##
## Cache variables. ##
## ---------------- ##

ac_cv_build=x86_64-pc-linux-gnu
ac_cv_c_bigendian=no
ac_cv_c_compiler_gnu=yes
ac_cv_c_inline=inline
ac_cv_env_CCASFLAGS_set=
ac_cv_env_CCASFLAGS_value=
ac_cv_env_CCAS_set=
ac_cv_env_CCAS_value=
ac_cv_env_CC_set=
ac_cv_env_CC_value=
ac_cv_env_CFLAGS_set=set
ac_cv_env_CFLAGS_value='-g  -fPIC -m64 -mcx16  '
ac_cv_env_CPPFLAGS_set=
ac_cv_env_CPPFLAGS_value=
ac_cv_env_CPP_set=
ac_cv_env_CPP_value=
ac_cv_env_GTK_CFLAGS_set=
ac_cv_env_GTK_CFLAGS_value=
ac_cv_env_GTK_LIBS_set=
ac_cv_env_GTK_LIBS_value=
ac_cv_env_LDFLAGS_set=
ac_cv_env_LDFLAGS_value=
ac_cv_env_LIBS_set=
ac_cv_env_LIBS_value=
ac_cv_env_LT_SYS_LIBRARY_PATH_set=
ac_cv_env_LT_SYS_LIBRARY_PATH_value=
ac_cv_env_PKG_CONFIG_LIBDIR_set=
ac_cv_env_PKG_CONFIG_LIBDIR_value=
ac_cv_env_PKG_CONFIG_PATH_set=
ac_cv_env_PKG_CONFIG_PATH_value=
ac_cv_env_PKG_CONFIG_set=
ac_cv_env_PKG_CONFIG_value=
ac_cv_env_PNG_CFLAGS_set=
ac_cv_env_PNG_CFLAGS_value=
ac_cv_env_PNG_LIBS_set=
ac_cv_env_PNG_LIBS_value=
ac_cv_env_build_alias_set=
ac_cv_env_build_alias_value=
ac_cv_env_host_alias_set=
ac_cv_env_host_alias_value=
ac_cv_env_target_alias_set=
ac_cv_env_target_alias_value=
ac_cv_func_alarm=yes
ac_cv_func_getisax=no
ac_cv_func_getpagesize=yes
ac_cv_func_gettimeofday=yes
ac_cv_func_mmap=yes
ac_cv_func_mprotect=yes
ac_cv_func_posix_memalign=yes
ac_cv_func_sigaction=yes
ac_cv_have_decl___SUNPRO_C=no
ac_cv_have_decl___amd64=yes
ac_cv_header_dlfcn_h=yes
ac_cv_header_fenv_h=yes
ac_cv_header_inttypes_h=yes
ac_cv_header_memory_h=yes
ac_cv_header_stdc=yes
ac_cv_header_stdint_h=yes
ac_cv_header_stdlib_h=yes
ac_cv_header_string_h=yes
ac_cv_header_strings_h=yes
ac_cv_header_sys_mman_h=yes
ac_cv_header_sys_stat_h=yes
ac_cv_header_sys_time_h=yes
ac_cv_header_sys_types_h=yes
ac_cv_header_unistd_h=yes
ac_cv_host=x86_64-pc-linux-gnu
ac_cv_lib_m_feenableexcept=yes
ac_cv_objext=o
ac_cv_path_EGREP='/bin/grep -E'
ac_cv_path_FGREP='/bin/grep -F'
ac_cv_path_GREP=/bin/grep
ac_cv_path_SED=/bin/sed
ac_cv_path_ac_pt_PKG_CONFIG=/usr/bin/pkg-config
ac_cv_path_install='/usr/bin/install -c'
ac_cv_path_lt_DD=/bin/dd
ac_cv_path_mkdir=/bin/mkdir
ac_cv_prog_AWK=mawk
ac_cv_prog_CPP='gcc -E'
ac_cv_prog_ac_ct_AR=ar
ac_cv_prog_ac_ct_CC=gcc
ac_cv_prog_ac_ct_MANIFEST_TOOL=mt
ac_cv_prog_ac_ct_OBJDUMP=objdump
ac_cv_prog_ac_ct_RANLIB=ranlib
ac_cv_prog_ac_ct_STRIP=strip
ac_cv_prog_c_openmp=-fopenmp
ac_cv_prog_cc_c89=
ac_cv_prog_cc_g=yes
ac_cv_prog_make_make_set=yes
ac_cv_search_sqrtf=-lm
ac_cv_sizeof_long=8
ac_cv_tls=__thread
am_cv_CCAS_dependencies_compiler_type=gcc3
am_cv_CC_dependencies_compiler_type=gcc3
am_cv_make_support_nested_variables=yes
am_cv_prog_cc_c_o=yes
lt_cv_ar_at_file=@
lt_cv_deplibs_check_method=pass_all
lt_cv_file_magic_cmd='$MAGIC_CMD'
lt_cv_file_magic_test_file=
lt_cv_ld_reload_flag=-r
lt_cv_nm_interface='BSD nm'
lt_cv_objdir=.libs
lt_cv_path_LD=/usr/bin/ld
lt_cv_path_NM='/usr/bin/nm -B'
lt_cv_path_mainfest_tool=no
lt_cv_prog_compiler_c_o=yes
lt_cv_prog_compiler_pic='-fPIC -DPIC'
lt_cv_prog_compiler_pic_works=yes
lt_cv_prog_compiler_rtti_exceptions=no
lt_cv_prog_compiler_static_works=yes
lt_cv_prog_gnu_ld=yes
lt_cv_sharedlib_from_linklib_cmd='printf %s\n'
lt_cv_shlibpath_overrides_runpath=no
lt_cv_sys_global_symbol_pipe='sed -n -e '\''s/^.*[	 ]\([ABCDGIRSTW][ABCDGIRSTW]*\)[	 ][	 ]*\([_A-Za-z][_A-Za-z0-9]*\)$/\1 \2 \2/p'\'' | sed '\''/ __gnu_lto/d'\'''
lt_cv_sys_global_symbol_to_c_name_address='sed -n -e '\''s/^: \(.*\) .*$/  {"\1", (void *) 0},/p'\'' -e '\''s/^[ABCDGIRSTW][ABCDGIRSTW]* .* \(.*\)$/  {"\1", (void *) \&\1},/p'\'''
lt_cv_sys_global_symbol_to_c_name_address_lib_prefix='sed -n -e '\''s/^: \(.*\) .*$/  {"\1", (void *) 0},/p'\'' -e '\''s/^[ABCDGIRSTW][ABCDGIRSTW]* .* \(lib.*\)$/  {"\1", (void *) \&\1},/p'\'' -e '\''s/^[ABCDGIRSTW][ABCDGIRSTW]* .* \(.*\)$/  {"lib\1", (void *) \&\1},/p'\'''
lt_cv_sys_global_symbol_to_cdecl='sed -n -e '\''s/^T .* \(.*\)$/extern int \1();/p'\'' -e '\''s/^[ABCDGIRSTW][ABCDGIRSTW]* .* \(.*\)$/extern char \1;/p'\'''
lt_cv_sys_global_symbol_to_import=
lt_cv_sys_max_cmd_len=1572864
lt_cv_to_host_file_cmd=func_convert_file_noop
lt_cv_to_tool_file_cmd=func_convert_file_noop
lt_cv_truncate_bin='/bin/dd bs=4096 count=1'

## ----------------- ##
## Output variables. ##
## ----------------- ##

ACLOCAL='${SHELL} /home/prafull/mtp/qemu-2.8.0/pixman/missing aclocal-1.15'
AMDEPBACKSLASH='\'
AMDEP_FALSE='#'
AMDEP_TRUE=''
AMTAR='$${TAR-tar}'
AM_BACKSLASH='\'
AM_DEFAULT_V='$(AM_DEFAULT_VERBOSITY)'
AM_DEFAULT_VERBOSITY='0'
AM_V='$(V)'
AR='ar'
AUTOCONF='${SHELL} /home/prafull/mtp/qemu-2.8.0/pixman/missing autoconf'
AUTOHEADER='${SHELL} /home/prafull/mtp/qemu-2.8.0/pixman/missing autoheader'
AUTOMAKE='${SHELL} /home/prafull/mtp/qemu-2.8.0/pixman/missing automake-1.15'
AWK='mawk'
CC='gcc'
CCAS='gcc'
CCASDEPMODE='depmode=gcc3'
CCASFLAGS='-g  -fPIC -m64 -mcx16  '
CCDEPMODE='depmode=gcc3'
CFLAGS='-g  -fPIC -m64 -mcx16   -Wall -Wdeclaration-after-statement -fno-strict-aliasing -fvisibility=hidden'
CPP='gcc -E'
CPPFLAGS=''
CYGPATH_W='echo'
DEFS='-DHAVE_CONFIG_H'
DEPDIR='.deps'
DLLTOOL='false'
DSYMUTIL=''
DUMPBIN=''
ECHO_C=''
ECHO_N='-n'
ECHO_T=''
EGREP='/bin/grep -E'
EXEEXT=''
FGREP='/bin/grep -F'
GREP='/bin/grep'
GTK_CFLAGS=''
GTK_LIBS=''
HAVE_GTK_FALSE=''
HAVE_GTK_TRUE='#'
HAVE_LIBPNG=''
HAVE_PTHREADS=''
INSTALL_DATA='${INSTALL} -m 644'
INSTALL_PROGRAM='${INSTALL}'
INSTALL_SCRIPT='${INSTALL}'
INSTALL_STRIP_PROGRAM='$(install_sh) -c -s'
IWMMXT_CFLAGS=''
LD='/usr/bin/ld -m elf_x86_64'
LDFLAGS=''
LIBOBJS=''
LIBS='-lm '
LIBTOOL='$(SHELL) $(top_builddir)/libtool'
LIPO=''
LN_S='ln -s'
LS_CFLAGS=''
LTLIBOBJS=''
LT_SYS_LIBRARY_PATH=''
LT_VERSION_INFO='32:6:32'
MAKEINFO='${SHELL} /home/prafull/mtp/qemu-2.8.0/pixman/missing makeinfo'
MANIFEST_TOOL=':'
MKDIR_P='/bin/mkdir -p'
MMX_CFLAGS='-mmmx -Winline'
MMX_LDFLAGS=''
NM='/usr/bin/nm -B'
NMEDIT=''
OBJDUMP='objdump'
OBJEXT='o'
OPENMP_CFLAGS='-fopenmp'
OTOOL64=''
OTOOL=''
PACKAGE='pixman'
PACKAGE_BUGREPORT='pixman@lists.freedesktop.org'
PACKAGE_NAME='pixman'
PACKAGE_STRING='pixman 0.32.6'
PACKAGE_TARNAME='pixman'
PACKAGE_URL=''
PACKAGE_VERSION='0.32.6'
PATH_SEPARATOR=':'
PIXMAN_TIMERS=''
PIXMAN_VERSION_MAJOR='0'
PIXMAN_VERSION_MICRO='6'
PIXMAN_VERSION_MINOR='32'
PKG_CONFIG='/usr/bin/pkg-config'
PKG_CONFIG_LIBDIR=''
PKG_CONFIG_PATH=''
PNG_CFLAGS=''
PNG_LIBS=''
PTHREAD_CFLAGS='-g  -fPIC -m64 -mcx16   -Wall -Wdeclaration-after-statement -fno-strict-aliasing -fvisibility=hidden -pthread'
PTHREAD_LDFLAGS=' -pthread'
PTHREAD_LIBS='-lm  '
RANLIB='ranlib'
SED='/bin/sed'
SET_MAKE=''
SHELL='/bin/bash'
SSE2_CFLAGS='-msse2 -Winline'
SSE2_LDFLAGS=''
SSSE3_CFLAGS='-mssse3 -Winline'
STRIP='strip'
TESTPROGS_EXTRA_LDFLAGS=''
TOOLCHAIN_SUPPORTS_ATTRIBUTE_CONSTRUCTOR=''
TOOLCHAIN_SUPPORTS__THREAD=''
USE_ARM_IWMMXT_FALSE=''
USE_ARM_IWMMXT_TRUE='#'
USE_ARM_NEON_FALSE=''
USE_ARM_NEON_TRUE='#'
USE_ARM_SIMD_FALSE=''
USE_ARM_SIMD_TRUE='#'
USE_GCC_INLINE_ASM_FALSE='#'
USE_GCC_INLINE_ASM_TRUE=''
USE_LOONGSON_MMI_FALSE=''
USE_LOONGSON_MMI_TRUE='#'
USE_MIPS_DSPR2_FALSE=''
USE_MIPS_DSPR2_TRUE='#'
USE_SSE2_FALSE='#'
USE_SSE2_TRUE=''
USE_SSSE3_FALSE='#'
USE_SSSE3_TRUE=''
USE_VMX_FALSE=''
USE_VMX_TRUE='#'
USE_X86_MMX_FALSE='#'
USE_X86_MMX_TRUE=''
VERSION='0.32.6'
VMX_CFLAGS=''
ac_ct_AR='ar'
ac_ct_CC='gcc'
ac_ct_DUMPBIN=''
am__EXEEXT_FALSE=''
am__EXEEXT_TRUE='#'
am__fastdepCCAS_FALSE='#'
am__fastdepCCAS_TRUE=''
am__fastdepCC_FALSE='#'
am__fastdepCC_TRUE=''
am__include='include'
am__isrc=' -I$(srcdir)'
am__leading_dot='.'
am__nodep='_no'
am__quote=''
am__tar='$${TAR-tar} chof - "$$tardir"'
am__untar='$${TAR-tar} xf -'
bindir='${exec_prefix}/bin'
build='x86_64-pc-linux-gnu'
build_alias=''
build_cpu='x86_64'
build_os='linux-gnu'
build_vendor='pc'
datadir='${datarootdir}'
datarootdir='${prefix}/share'
docdir='${datarootdir}/doc/${PACKAGE_TARNAME}'
dvidir='${docdir}'
exec_prefix='${prefix}'
host='x86_64-pc-linux-gnu'
host_alias=''
host_cpu='x86_64'
host_os='linux-gnu'
host_vendor='pc'
htmldir='${docdir}'
includedir='${prefix}/include'
infodir='${datarootdir}/info'
install_sh='${SHELL} /home/prafull/mtp/qemu-2.8.0/pixman/install-sh'
libdir='${exec_prefix}/lib'
libexecdir='${exec_prefix}/libexec'
localedir='${datarootdir}/locale'
localstatedir='${prefix}/var'
mandir='${datarootdir}/man'
mkdir_p='$(MKDIR_P)'
oldincludedir='/usr/include'
pdfdir='${docdir}'
prefix='/usr/local'
program_transform_name='s,x,x,'
psdir='${docdir}'
runstatedir='${localstatedir}/run'
sbindir='${exec_prefix}/sbin'
sharedstatedir='${prefix}/com'
sysconfdir='${prefix}/etc'
target_alias=''

## ----------- ##
## confdefs.h. ##
## ----------- ##

/* confdefs.h */
#define PACKAGE_NAME "pixman"
#define PACKAGE_TARNAME "pixman"
#define PACKAGE_VERSION "0.32.6"
#define PACKAGE_STRING "pixman 0.32.6"
#define PACKAGE_BUGREPORT "pixman@lists.freedesktop.org"
#define PACKAGE_URL ""
#define PACKAGE "pixman"
#define VERSION "0.32.6"
#define STDC_HEADERS 1
#define HAVE_SYS_TYPES_H 1
#define HAVE_SYS_STAT_H 1
#define HAVE_STDLIB_H 1
#define HAVE_STRING_H 1
#define HAVE_MEMORY_H 1
#define HAVE_STRINGS_H 1
#define HAVE_INTTYPES_H 1
#define HAVE_STDINT_H 1
#define HAVE_UNISTD_H 1
#define HAVE_DLFCN_H 1
#define LT_OBJDIR ".libs/"
#define SIZEOF_LONG 8
#define USE_OPENMP 1
#define USE_X86_MMX 1
#define USE_SSE2 1
#define USE_SSSE3 1
#define USE_GCC_INLINE_ASM 1
#define HAVE_POSIX_MEMALIGN 1
#define HAVE_SIGACTION 1
#define HAVE_ALARM 1
#define HAVE_SYS_MMAN_H 1
#define HAVE_MMAP 1
#define HAVE_MPROTECT 1
#define HAVE_GETPAGESIZE 1
#define HAVE_FENV_H 1
#define HAVE_FEENABLEEXCEPT 1
#define HAVE_GETTIMEOFDAY 1
#define TLS __thread
#define HAVE_PTHREADS /**/
#define TOOLCHAIN_SUPPORTS_ATTRIBUTE_CONSTRUCTOR /**/
#define HAVE_FLOAT128 /**/
#define HAVE_BUILTIN_CLZ /**/
#define HAVE_GCC_VECTOR_EXTENSIONS /**/

configure: exit 0
